0 info it worked if it ends with ok
1 verbose cli [ '/usr/local/bin/node',
1 verbose cli   '/usr/local/bin/npm',
1 verbose cli   'run',
1 verbose cli   'global-install' ]
2 info using npm@3.10.10
3 info using node@v6.11.0
4 verbose run-script [ 'preglobal-install', 'global-install', 'postglobal-install' ]
5 info lifecycle @hugohammarstrom/wp-dploy@0.0.4-16~preglobal-install: @hugohammarstrom/wp-dploy@0.0.4-16
6 silly lifecycle @hugohammarstrom/wp-dploy@0.0.4-16~preglobal-install: no script for preglobal-install, continuing
7 info lifecycle @hugohammarstrom/wp-dploy@0.0.4-16~global-install: @hugohammarstrom/wp-dploy@0.0.4-16
8 verbose lifecycle @hugohammarstrom/wp-dploy@0.0.4-16~global-install: unsafe-perm in lifecycle true
9 verbose lifecycle @hugohammarstrom/wp-dploy@0.0.4-16~global-install: PATH: /usr/local/lib/node_modules/npm/bin/node-gyp-bin:/Users/hugohammarstrom/repos/personal/wp-dploy/wp-dploy/node_modules/.bin:/Users/hugohammarstrom/google-cloud-sdk/bin:/Applications/MAMP/bin/php/php7.2.8/bin:/Applications/MAMP/Library/bin:/usr/local/bin:/Library/Frameworks/Python.framework/Versions/3.7/bin:/usr/local/bin:/usr/bin:/bin:/usr/sbin:/sbin:/Applications/MAMP/Library/bin:/usr/local/share/dotnet:~/.dotnet/tools:/Library/Frameworks/Mono.framework/Versions/Current/Commands:/Users/hugohammarstrom/google-cloud-sdk/bin:/Applications/MAMP/bin/php/php7.2.8/bin:/Library/Frameworks/Python.framework/Versions/3.7/bin
10 verbose lifecycle @hugohammarstrom/wp-dploy@0.0.4-16~global-install: CWD: /Users/hugohammarstrom/repos/personal/wp-dploy/wp-dploy
11 silly lifecycle @hugohammarstrom/wp-dploy@0.0.4-16~global-install: Args: [ '-c', 'npm run build && sudo npm i -g' ]
12 silly lifecycle @hugohammarstrom/wp-dploy@0.0.4-16~global-install: Returned: code: 1  signal: null
13 info lifecycle @hugohammarstrom/wp-dploy@0.0.4-16~global-install: Failed to exec global-install script
14 verbose stack Error: @hugohammarstrom/wp-dploy@0.0.4-16 global-install: `npm run build && sudo npm i -g`
14 verbose stack Exit status 1
14 verbose stack     at EventEmitter.<anonymous> (/usr/local/lib/node_modules/npm/lib/utils/lifecycle.js:255:16)
14 verbose stack     at emitTwo (events.js:106:13)
14 verbose stack     at EventEmitter.emit (events.js:191:7)
14 verbose stack     at ChildProcess.<anonymous> (/usr/local/lib/node_modules/npm/lib/utils/spawn.js:40:14)
14 verbose stack     at emitTwo (events.js:106:13)
14 verbose stack     at ChildProcess.emit (events.js:191:7)
14 verbose stack     at maybeClose (internal/child_process.js:891:16)
14 verbose stack     at Process.ChildProcess._handle.onexit (internal/child_process.js:226:5)
15 verbose pkgid @hugohammarstrom/wp-dploy@0.0.4-16
16 verbose cwd /Users/hugohammarstrom/repos/personal/wp-dploy/wp-dploy
17 error Darwin 18.2.0
18 error argv "/usr/local/bin/node" "/usr/local/bin/npm" "run" "global-install"
19 error node v6.11.0
20 error npm  v3.10.10
21 error code ELIFECYCLE
22 error @hugohammarstrom/wp-dploy@0.0.4-16 global-install: `npm run build && sudo npm i -g`
22 error Exit status 1
23 error Failed at the @hugohammarstrom/wp-dploy@0.0.4-16 global-install script 'npm run build && sudo npm i -g'.
23 error Make sure you have the latest version of node.js and npm installed.
23 error If you do, this is most likely a problem with the @hugohammarstrom/wp-dploy package,
23 error not with npm itself.
23 error Tell the author that this fails on your system:
23 error     npm run build && sudo npm i -g
23 error You can get information on how to open an issue for this project with:
23 error     npm bugs @hugohammarstrom/wp-dploy
23 error Or if that isn't available, you can get their info via:
23 error     npm owner ls @hugohammarstrom/wp-dploy
23 error There is likely additional logging output above.
24 verbose exit [ 1, true ]
